<?xml version="1.0" encoding="UTF-8"?>
<!-- Generated by org.testng.reporters.JUnitXMLReporter -->
<testsuite ignored="0" hostname="LAPTOP-TC45FOI1" failures="0" tests="4" name="Default test" time="15.741" errors="0" timestamp="2024-06-12T19:22:59 IST">
  <testcase classname="testCase.TC_LoginPageThriversity" name="EnterUserName" time="3.517"/>
  <testcase classname="testCase.TC_LoginPageThriversity" name="EnterPassword" time="3.105"/>
  <testcase classname="testCase.TC_LoginPageThriversity" name="clickSubmitButton" time="3.094"/>
  <testcase classname="testCase.TC_LoginPageThriversity" name="checkHeaderImage" time="0.082"/>
</testsuite> <!-- Default test -->
