<?xml version="1.0" encoding="UTF-8"?>
<!-- Generated by org.testng.reporters.JUnitXMLReporter -->
<testsuite ignored="0" hostname="LAPTOP-TC45FOI1" failures="0" tests="5" name="Test" time="15.179" errors="0" timestamp="2024-04-16T17:25:44 IST">
  <testcase classname="testCase.Ttestngdata" name="boss" time="0.015"/>
  <testcase classname="testCase.TC_LoginPageThriversity" name="EnterUserName" time="3.238"/>
  <testcase classname="testCase.TC_LoginPageThriversity" name="EnterPassword" time="3.109"/>
  <testcase classname="testCase.TC_LoginPageThriversity" name="clickSubmitButton" time="3.071"/>
  <testcase classname="testCase.TC_LoginPageThriversity" name="checkHeaderImage" time="0.143"/>
</testsuite> <!-- Test -->
