<?xml version="1.0" encoding="UTF-8"?>
<testng-results ignored="0" total="4" passed="4" failed="0" skipped="0">
  <reporter-output>
  </reporter-output>
  <suite started-at="2024-06-12T19:22:44 IST" name="Default suite" finished-at="2024-06-12T19:22:59 IST" duration-ms="15741">
    <groups>
    </groups>
    <test started-at="2024-06-12T19:22:44 IST" name="Default test" finished-at="2024-06-12T19:22:59 IST" duration-ms="15741">
      <class name="testCase.TC_LoginPageThriversity">
        <test-method is-config="true" signature="setUp()[pri:0, instance:testCase.TC_LoginPageThriversity@7e990ed7]" started-at="2024-06-12T19:22:44 IST" name="setUp" finished-at="2024-06-12T19:22:49 IST" duration-ms="5629" status="PASS">
          <reporter-output>
          </reporter-output>
        </test-method> <!-- setUp -->
        <test-method signature="EnterUserName()[pri:1, instance:testCase.TC_LoginPageThriversity@7e990ed7]" started-at="2024-06-12T19:22:49 IST" name="EnterUserName" finished-at="2024-06-12T19:22:53 IST" duration-ms="3517" status="PASS">
          <reporter-output>
          </reporter-output>
        </test-method> <!-- EnterUserName -->
        <test-method signature="EnterPassword()[pri:2, instance:testCase.TC_LoginPageThriversity@7e990ed7]" started-at="2024-06-12T19:22:53 IST" name="EnterPassword" finished-at="2024-06-12T19:22:56 IST" duration-ms="3105" status="PASS">
          <reporter-output>
          </reporter-output>
        </test-method> <!-- EnterPassword -->
        <test-method signature="clickSubmitButton()[pri:3, instance:testCase.TC_LoginPageThriversity@7e990ed7]" started-at="2024-06-12T19:22:56 IST" name="clickSubmitButton" finished-at="2024-06-12T19:22:59 IST" duration-ms="3094" status="PASS">
          <reporter-output>
          </reporter-output>
        </test-method> <!-- clickSubmitButton -->
        <test-method signature="checkHeaderImage()[pri:4, instance:testCase.TC_LoginPageThriversity@7e990ed7]" started-at="2024-06-12T19:22:59 IST" name="checkHeaderImage" finished-at="2024-06-12T19:22:59 IST" duration-ms="82" status="PASS">
          <reporter-output>
          </reporter-output>
        </test-method> <!-- checkHeaderImage -->
        <test-method is-config="true" signature="exit()[pri:0, instance:testCase.TC_LoginPageThriversity@7e990ed7]" started-at="2024-06-12T19:22:59 IST" name="exit" finished-at="2024-06-12T19:22:59 IST" duration-ms="225" status="PASS">
          <reporter-output>
          </reporter-output>
        </test-method> <!-- exit -->
      </class> <!-- testCase.TC_LoginPageThriversity -->
    </test> <!-- Default test -->
  </suite> <!-- Default suite -->
</testng-results>
